0 info it worked if it ends with ok
1 verbose cli [ '/home/raul.ribeiro/.nvm/v0.10.33/bin/node',
1 verbose cli   '/home/raul.ribeiro/.nvm/v0.10.33/bin/npm',
1 verbose cli   'i',
1 verbose cli   'karma-jasmine' ]
2 info using npm@1.4.28
3 info using node@v0.10.33
4 warn package.json contatooh@1.0.0 No description
5 warn package.json contatooh@1.0.0 No README data
6 verbose readDependencies using package.json deps
7 verbose cache add [ 'karma-jasmine', null ]
8 verbose cache add name=undefined spec="karma-jasmine" args=["karma-jasmine",null]
9 verbose parsed url { protocol: null,
9 verbose parsed url   slashes: null,
9 verbose parsed url   auth: null,
9 verbose parsed url   host: null,
9 verbose parsed url   port: null,
9 verbose parsed url   hostname: null,
9 verbose parsed url   hash: null,
9 verbose parsed url   search: null,
9 verbose parsed url   query: null,
9 verbose parsed url   pathname: 'karma-jasmine',
9 verbose parsed url   path: 'karma-jasmine',
9 verbose parsed url   href: 'karma-jasmine' }
10 silly lockFile df56d5e8-karma-jasmine karma-jasmine
11 verbose lock karma-jasmine /home/raul.ribeiro/.npm/df56d5e8-karma-jasmine.lock
12 silly lockFile df56d5e8-karma-jasmine karma-jasmine
13 silly lockFile df56d5e8-karma-jasmine karma-jasmine
14 verbose addNamed [ 'karma-jasmine', '' ]
15 verbose addNamed [ null, '*' ]
16 silly lockFile a9316641-karma-jasmine karma-jasmine@
17 verbose lock karma-jasmine@ /home/raul.ribeiro/.npm/a9316641-karma-jasmine.lock
18 silly addNameRange { name: 'karma-jasmine', range: '*', hasData: false }
19 verbose request where is /karma-jasmine
20 verbose request registry https://registry.npmjs.org/
21 verbose request id ecb12fc58149893b
22 verbose url raw /karma-jasmine
23 verbose url resolving [ 'https://registry.npmjs.org/', './karma-jasmine' ]
24 verbose url resolved https://registry.npmjs.org/karma-jasmine
25 verbose request where is https://registry.npmjs.org/karma-jasmine
26 info trying registry request attempt 1 at 13:18:57
27 verbose etag W/"dbeca557b67109ee462ad4d1feb42398"
28 http GET https://registry.npmjs.org/karma-jasmine
29 http 304 https://registry.npmjs.org/karma-jasmine
30 silly registry.get cb [ 304,
30 silly registry.get   { date: 'Mon, 15 Apr 2024 17:19:02 GMT',
30 silly registry.get     connection: 'keep-alive',
30 silly registry.get     'cf-ray': '874d99266a19b6d3-CGB',
30 silly registry.get     'cf-cache-status': 'HIT',
30 silly registry.get     age: '63',
30 silly registry.get     'cache-control': 'public, max-age=300',
30 silly registry.get     etag: '"dbeca557b67109ee462ad4d1feb42398"',
30 silly registry.get     'last-modified': 'Sun, 19 Jun 2022 07:59:17 GMT',
30 silly registry.get     vary: 'Accept-Encoding',
30 silly registry.get     server: 'cloudflare' } ]
31 verbose etag https://registry.npmjs.org/karma-jasmine from cache
32 silly addNameRange number 2 { name: 'karma-jasmine', range: '*', hasData: true }
33 silly addNameRange versions [ 'karma-jasmine',
33 silly addNameRange   [ '0.0.1',
33 silly addNameRange     '0.0.2',
33 silly addNameRange     '0.0.3',
33 silly addNameRange     '0.1.0',
33 silly addNameRange     '0.1.1',
33 silly addNameRange     '0.1.2',
33 silly addNameRange     '0.1.3',
33 silly addNameRange     '0.1.4',
33 silly addNameRange     '0.1.5',
33 silly addNameRange     '0.2.0',
33 silly addNameRange     '0.2.1',
33 silly addNameRange     '0.2.2',
33 silly addNameRange     '0.2.3',
33 silly addNameRange     '0.3.0',
33 silly addNameRange     '0.3.1',
33 silly addNameRange     '0.3.2',
33 silly addNameRange     '0.3.3',
33 silly addNameRange     '0.3.4',
33 silly addNameRange     '0.3.5',
33 silly addNameRange     '0.3.6',
33 silly addNameRange     '0.1.6',
33 silly addNameRange     '0.3.7',
33 silly addNameRange     '0.3.8',
33 silly addNameRange     '1.0.0',
33 silly addNameRange     '1.0.2',
33 silly addNameRange     '1.1.0',
33 silly addNameRange     '1.1.1',
33 silly addNameRange     '1.1.2',
33 silly addNameRange     '2.0.0',
33 silly addNameRange     '2.0.1',
33 silly addNameRange     '3.0.0',
33 silly addNameRange     '3.0.1',
33 silly addNameRange     '3.0.3',
33 silly addNameRange     '3.1.0',
33 silly addNameRange     '3.1.1',
33 silly addNameRange     '3.2.0',
33 silly addNameRange     '3.3.0',
33 silly addNameRange     '3.3.1',
33 silly addNameRange     '4.0.0',
33 silly addNameRange     '4.0.1',
33 silly addNameRange     '4.0.2',
33 silly addNameRange     '5.0.0',
33 silly addNameRange     '5.0.1',
33 silly addNameRange     '5.1.0' ] ]
34 verbose addNamed [ 'karma-jasmine', '5.1.0' ]
35 verbose addNamed [ '5.1.0', '5.1.0' ]
36 silly lockFile e89c431d-karma-jasmine-5-1-0 karma-jasmine@5.1.0
37 verbose lock karma-jasmine@5.1.0 /home/raul.ribeiro/.npm/e89c431d-karma-jasmine-5-1-0.lock
38 silly lockFile e89c431d-karma-jasmine-5-1-0 karma-jasmine@5.1.0
39 silly lockFile e89c431d-karma-jasmine-5-1-0 karma-jasmine@5.1.0
40 silly lockFile a9316641-karma-jasmine karma-jasmine@
41 silly lockFile a9316641-karma-jasmine karma-jasmine@
42 silly resolved [ { name: 'karma-jasmine',
42 silly resolved     version: '5.1.0',
42 silly resolved     description: 'A Karma plugin - adapter for Jasmine testing framework.',
42 silly resolved     main: 'lib/index.js',
42 silly resolved     scripts:
42 silly resolved      { build: 'grunt build',
42 silly resolved        lint: 'eslint "**/*.js"',
42 silly resolved        'lint:fix': 'eslint --fix "**/*.js"',
42 silly resolved        commitlint: 'commitlint',
42 silly resolved        test: 'npm run test:unit && npm run test:e2e && npm run test:integration',
42 silly resolved        'test:unit': 'jasmine',
42 silly resolved        'test:e2e': 'karma start karma.conf.js',
42 silly resolved        'test:integration': 'bash tools/integration-tests.sh',
42 silly resolved        release: 'semantic-release' },
42 silly resolved     repository:
42 silly resolved      { type: 'git',
42 silly resolved        url: 'git://github.com/karma-runner/karma-jasmine.git' },
42 silly resolved     keywords: [ 'karma-plugin', 'karma-adapter', 'jasmine' ],
42 silly resolved     author: { name: 'Vojta Jina', email: 'vojta.jina@gmail.com' },
42 silly resolved     dependencies: { 'jasmine-core': '^4.1.0' },
42 silly resolved     devDependencies:
42 silly resolved      { '@commitlint/cli': '^16.2.3',
42 silly resolved        '@commitlint/config-angular': '^16.2.3',
42 silly resolved        '@semantic-release/changelog': '^6.0.1',
42 silly resolved        '@semantic-release/git': '^10.0.1',
42 silly resolved        '@semantic-release/github': '^8.0.4',
42 silly resolved        '@semantic-release/npm': '^9.0.1',
42 silly resolved        eslint: '^7.32.0',
42 silly resolved        'eslint-config-standard': '^16.0.3',
42 silly resolved        'eslint-plugin-import': '^2.26.0',
42 silly resolved        'eslint-plugin-node': '^11.1.0',
42 silly resolved        'eslint-plugin-promise': '^5.2.0',
42 silly resolved        'eslint-plugin-standard': '^4.1.0',
42 silly resolved        grunt: '^1.5.2',
42 silly resolved        husky: '^4.3.8',
42 silly resolved        jasmine: '^4.1.0',
42 silly resolved        karma: '^6.3.18',
42 silly resolved        'karma-firefox-launcher': '^2.1.2',
42 silly resolved        'semantic-release': '^19.0.2' },
42 silly resolved     peerDependencies: { karma: '^6.0.0' },
42 silly resolved     engines: { node: '>=12' },
42 silly resolved     husky: { hooks: [Object] },
42 silly resolved     license: 'MIT',
42 silly resolved     contributors:
42 silly resolved      [ [Object],
42 silly resolved        [Object],
42 silly resolved        [Object],
42 silly resolved        [Object],
42 silly resolved        [Object],
42 silly resolved        [Object],
42 silly resolved        [Object],
42 silly resolved        [Object],
42 silly resolved        [Object],
42 silly resolved        [Object],
42 silly resolved        [Object],
42 silly resolved        [Object],
42 silly resolved        [Object],
42 silly resolved        [Object],
42 silly resolved        [Object],
42 silly resolved        [Object],
42 silly resolved        [Object],
42 silly resolved        [Object],
42 silly resolved        [Object],
42 silly resolved        [Object],
42 silly resolved        [Object],
42 silly resolved        [Object],
42 silly resolved        [Object],
42 silly resolved        [Object],
42 silly resolved        [Object],
42 silly resolved        [Object],
42 silly resolved        [Object],
42 silly resolved        [Object],
42 silly resolved        [Object],
42 silly resolved        [Object],
42 silly resolved        [Object],
42 silly resolved        [Object],
42 silly resolved        [Object],
42 silly resolved        [Object],
42 silly resolved        [Object],
42 silly resolved        [Object],
42 silly resolved        [Object],
42 silly resolved        [Object],
42 silly resolved        [Object],
42 silly resolved        [Object],
42 silly resolved        [Object],
42 silly resolved        [Object],
42 silly resolved        [Object],
42 silly resolved        [Object],
42 silly resolved        [Object],
42 silly resolved        [Object],
42 silly resolved        [Object],
42 silly resolved        [Object] ],
42 silly resolved     gitHead: 'c3f702a2a567086e6069dd57b0308c2da1a90e37',
42 silly resolved     bugs: { url: 'https://github.com/karma-runner/karma-jasmine/issues' },
42 silly resolved     homepage: 'https://github.com/karma-runner/karma-jasmine#readme',
42 silly resolved     _id: 'karma-jasmine@5.1.0',
42 silly resolved     _nodeVersion: '16.15.1',
42 silly resolved     _npmVersion: '8.6.0',
42 silly resolved     dist:
42 silly resolved      { integrity: 'sha512-i/zQLFrfEpRyQoJF9fsCdTMOF5c2dK7C7OmsuKg2D0YSsuZSfQDiLuaiktbuio6F2wiCsZSnSnieIQ0ant/uzQ==',
42 silly resolved        shasum: '3af4558a6502fa16856a0f346ec2193d4b884b2f',
42 silly resolved        tarball: 'https://registry.npmjs.org/karma-jasmine/-/karma-jasmine-5.1.0.tgz',
42 silly resolved        fileCount: 6,
42 silly resolved        unpackedSize: 26554,
42 silly resolved        signatures: [Object],
42 silly resolved        'npm-signature': '-----BEGIN PGP SIGNATURE-----\r\nVersion: OpenPGP.js v4.10.10\r\nComment: https://openpgpjs.org\r\n\r\nwsFzBAEBCAAGBQJiqpkYACEJED1NWxICdlZqFiEECWMYAoorWMhJKdjhPU1b\r\nEgJ2VmrTDxAAj0HEW4v6M94iExrqexpAdBr/v7nWydgBFtIgnZDVHhRAojEM\r\npRuf2f8/8dmmhrm6id5KFmp2BUAV3BDm2xBD7Hb3AcOl3De+UIoBt4eCSXkA\r\ndDcIheLAECrMN7Ub9c6EtPpRDoLbc6jbDWaBf+s2g86QleYMgau7o7xFxZma\r\n+I60abOuOjTkq78x6DHorWDQmID7kV1RI3EKHK+L/X2bfsa72q0++k2YZlZh\r\nFasadDgAO1U+1Fgb6qE5+I4JEi8AiHEMODUalhKSTSU1z7U/ZRXnp1OdFqou\r\nL4b5YONweK7pn2hJaMHEmhVxWgLs8JLl92pVg0A8lYQqx+TPiA6PYLX4cdoD\r\n/7iSlZFY6lTEc6jC/DRzq3qve45E9HIo/3sJorZ9vKffpxJqXK3QyFPWlUDf\r\nkSxB4mBpqHuhpOlOBi15HW4IA8oNQJuCY2dBQ8ogp03MH5HBCqbRMD6Cnkxo\r\nGh2OiYyTQAbwF+dT588O7D+wbljZoowg9Cyu9ikrsyS6e6iAvdDXa35VEvSr\r\ncC53K42FofNAjpM+yEnpoP7hXmDey51024ua7VevsO6N6AJzFWRBvDvEs22J\r\nKysYZP7yS6MraScqRourk9c6fPDTDt9VBOitZWT6OqKxQVn9z1AIWgKAAZfC\r\n+XLBRbmKSGtEqQy1vheubIiJWlINuHmHyg8=\r\n=bLw0\r\n-----END PGP SIGNATURE-----\r\n' },
42 silly resolved     _npmUser: { name: 'karmarunnerbot', email: 'karmarunnerbot@gmail.com' },
42 silly resolved     directories: {},
42 silly resolved     maintainers: [ [Object], [Object], [Object], [Object], [Object] ],
42 silly resolved     _npmOperationalInternal:
42 silly resolved      { host: 's3://npm-registry-packages',
42 silly resolved        tmp: 'tmp/karma-jasmine_5.1.0_1655347480368_0.6609682650398447' },
42 silly resolved     _hasShrinkwrap: false,
42 silly resolved     _shasum: '3af4558a6502fa16856a0f346ec2193d4b884b2f',
42 silly resolved     _from: 'karma-jasmine@',
42 silly resolved     _resolved: 'https://registry.npmjs.org/karma-jasmine/-/karma-jasmine-5.1.0.tgz',
42 silly resolved     readme: 'ERROR: No README data found!' } ]
43 info install karma-jasmine@5.1.0 into /home/raul.ribeiro/Documentos/Aprendendo AngularJs/contatooh
44 info installOne karma-jasmine@5.1.0
45 warn engine karma-jasmine@5.1.0: wanted: {"node":">=12"} (current: {"node":"0.10.33","npm":"1.4.28"})
46 verbose node_modules/karma-jasmine unbuild
47 info preuninstall karma-jasmine@5.1.0
48 info uninstall karma-jasmine@5.1.0
49 verbose true,/home/raul.ribeiro/Documentos/Aprendendo AngularJs/contatooh/node_modules,/home/raul.ribeiro/Documentos/Aprendendo AngularJs/contatooh/node_modules unbuild karma-jasmine@5.1.0
50 info postuninstall karma-jasmine@5.1.0
51 verbose tar unpack /home/raul.ribeiro/.npm/karma-jasmine/5.1.0/package.tgz
52 silly lockFile 93837746-atooh-node-modules-karma-jasmine tar:///home/raul.ribeiro/Documentos/Aprendendo AngularJs/contatooh/node_modules/karma-jasmine
53 verbose lock tar:///home/raul.ribeiro/Documentos/Aprendendo AngularJs/contatooh/node_modules/karma-jasmine /home/raul.ribeiro/.npm/93837746-atooh-node-modules-karma-jasmine.lock
54 silly lockFile 8951660a--karma-jasmine-5-1-0-package-tgz tar:///home/raul.ribeiro/.npm/karma-jasmine/5.1.0/package.tgz
55 verbose lock tar:///home/raul.ribeiro/.npm/karma-jasmine/5.1.0/package.tgz /home/raul.ribeiro/.npm/8951660a--karma-jasmine-5-1-0-package-tgz.lock
56 silly gunzTarPerm modes [ '775', '664' ]
57 silly gunzTarPerm extractEntry LICENSE
58 silly gunzTarPerm modified mode [ 'LICENSE', 420, 436 ]
59 silly gunzTarPerm extractEntry lib/adapter.js
60 silly gunzTarPerm modified mode [ 'lib/adapter.js', 420, 436 ]
61 silly gunzTarPerm extractEntry lib/boot.js
62 silly gunzTarPerm modified mode [ 'lib/boot.js', 420, 436 ]
63 silly gunzTarPerm extractEntry lib/index.js
64 silly gunzTarPerm modified mode [ 'lib/index.js', 420, 436 ]
65 silly gunzTarPerm extractEntry package.json
66 silly gunzTarPerm modified mode [ 'package.json', 420, 436 ]
67 silly gunzTarPerm extractEntry README.md
68 silly gunzTarPerm modified mode [ 'README.md', 420, 436 ]
69 silly lockFile 93837746-atooh-node-modules-karma-jasmine tar:///home/raul.ribeiro/Documentos/Aprendendo AngularJs/contatooh/node_modules/karma-jasmine
70 silly lockFile 93837746-atooh-node-modules-karma-jasmine tar:///home/raul.ribeiro/Documentos/Aprendendo AngularJs/contatooh/node_modules/karma-jasmine
71 silly lockFile 8951660a--karma-jasmine-5-1-0-package-tgz tar:///home/raul.ribeiro/.npm/karma-jasmine/5.1.0/package.tgz
72 silly lockFile 8951660a--karma-jasmine-5-1-0-package-tgz tar:///home/raul.ribeiro/.npm/karma-jasmine/5.1.0/package.tgz
73 info preinstall karma-jasmine@5.1.0
74 verbose readDependencies using package.json deps
75 verbose readDependencies using package.json deps
76 verbose cache add [ 'jasmine-core@^4.1.0', null ]
77 verbose cache add name=undefined spec="jasmine-core@^4.1.0" args=["jasmine-core@^4.1.0",null]
78 verbose parsed url { protocol: null,
78 verbose parsed url   slashes: null,
78 verbose parsed url   auth: null,
78 verbose parsed url   host: null,
78 verbose parsed url   port: null,
78 verbose parsed url   hostname: null,
78 verbose parsed url   hash: null,
78 verbose parsed url   search: null,
78 verbose parsed url   query: null,
78 verbose parsed url   pathname: 'jasmine-core@^4.1.0',
78 verbose parsed url   path: 'jasmine-core@^4.1.0',
78 verbose parsed url   href: 'jasmine-core@^4.1.0' }
79 verbose cache add name="jasmine-core" spec="^4.1.0" args=["jasmine-core","^4.1.0"]
80 verbose parsed url { protocol: null,
80 verbose parsed url   slashes: null,
80 verbose parsed url   auth: null,
80 verbose parsed url   host: null,
80 verbose parsed url   port: null,
80 verbose parsed url   hostname: null,
80 verbose parsed url   hash: null,
80 verbose parsed url   search: null,
80 verbose parsed url   query: null,
80 verbose parsed url   pathname: '^4.1.0',
80 verbose parsed url   path: '^4.1.0',
80 verbose parsed url   href: '^4.1.0' }
81 verbose addNamed [ 'jasmine-core', '^4.1.0' ]
82 verbose addNamed [ null, '>=4.1.0-0 <5.0.0-0' ]
83 silly lockFile 216836da-jasmine-core-4-1-0 jasmine-core@^4.1.0
84 verbose lock jasmine-core@^4.1.0 /home/raul.ribeiro/.npm/216836da-jasmine-core-4-1-0.lock
85 silly addNameRange { name: 'jasmine-core',
85 silly addNameRange   range: '>=4.1.0-0 <5.0.0-0',
85 silly addNameRange   hasData: false }
86 verbose request where is /jasmine-core
87 verbose request registry https://registry.npmjs.org/
88 verbose url raw /jasmine-core
89 verbose url resolving [ 'https://registry.npmjs.org/', './jasmine-core' ]
90 verbose url resolved https://registry.npmjs.org/jasmine-core
91 verbose request where is https://registry.npmjs.org/jasmine-core
92 info trying registry request attempt 1 at 13:18:57
93 verbose etag W/"50b4a3d13e5e831d1846b70adc17e5f4"
94 http GET https://registry.npmjs.org/jasmine-core
95 http 304 https://registry.npmjs.org/jasmine-core
96 silly registry.get cb [ 304,
96 silly registry.get   { date: 'Mon, 15 Apr 2024 17:19:02 GMT',
96 silly registry.get     connection: 'keep-alive',
96 silly registry.get     'cf-ray': '874d99277e59b6d9-CGB',
96 silly registry.get     'cf-cache-status': 'HIT',
96 silly registry.get     age: '98',
96 silly registry.get     'cache-control': 'public, max-age=300',
96 silly registry.get     etag: '"50b4a3d13e5e831d1846b70adc17e5f4"',
96 silly registry.get     'last-modified': 'Fri, 09 Feb 2024 01:32:14 GMT',
96 silly registry.get     vary: 'Accept-Encoding',
96 silly registry.get     server: 'cloudflare' } ]
97 verbose etag https://registry.npmjs.org/jasmine-core from cache
98 silly addNameRange number 2 { name: 'jasmine-core',
98 silly addNameRange   range: '>=4.1.0-0 <5.0.0-0',
98 silly addNameRange   hasData: true }
99 silly addNameRange versions [ 'jasmine-core',
99 silly addNameRange   [ '2.0.0',
99 silly addNameRange     '2.0.1',
99 silly addNameRange     '2.0.4',
99 silly addNameRange     '2.1.0',
99 silly addNameRange     '2.1.1',
99 silly addNameRange     '2.1.2',
99 silly addNameRange     '2.1.3',
99 silly addNameRange     '2.2.0',
99 silly addNameRange     '2.3.0',
99 silly addNameRange     '2.3.2',
99 silly addNameRange     '2.3.3',
99 silly addNameRange     '2.3.4',
99 silly addNameRange     '2.4.0',
99 silly addNameRange     '2.4.1',
99 silly addNameRange     '2.5.0',
99 silly addNameRange     '2.5.1',
99 silly addNameRange     '2.5.2',
99 silly addNameRange     '2.6.0',
99 silly addNameRange     '2.6.1',
99 silly addNameRange     '2.6.2',
99 silly addNameRange     '2.6.3',
99 silly addNameRange     '2.6.4',
99 silly addNameRange     '2.7.0',
99 silly addNameRange     '2.8.0',
99 silly addNameRange     '2.9.0',
99 silly addNameRange     '2.9.1',
99 silly addNameRange     '2.99.0',
99 silly addNameRange     '3.0.0',
99 silly addNameRange     '2.99.1',
99 silly addNameRange     '3.1.0',
99 silly addNameRange     '3.2.0',
99 silly addNameRange     '3.2.1',
99 silly addNameRange     '3.3.0',
99 silly addNameRange     '3.4.0',
99 silly addNameRange     '3.5.0',
99 silly addNameRange     '3.6.0',
99 silly addNameRange     '3.7.0',
99 silly addNameRange     '3.7.1',
99 silly addNameRange     '3.8.0',
99 silly addNameRange     '3.9.0',
99 silly addNameRange     '3.10.0',
99 silly addNameRange     '3.10.1',
99 silly addNameRange     '3.99.0',
99 silly addNameRange     '4.0.0',
99 silly addNameRange     '3.99.1',
99 silly addNameRange     '4.0.1',
99 silly addNameRange     '4.1.0',
99 silly addNameRange     '4.1.1',
99 silly addNameRange     '4.2.0',
99 silly addNameRange     '4.3.0',
99 silly addNameRange     '4.4.0',
99 silly addNameRange     '4.5.0',
99 silly addNameRange     '4.6.0',
99 silly addNameRange     '5.0.0-alpha.0',
99 silly addNameRange     '5.0.0-alpha.1',
99 silly addNameRange     '5.0.0-beta.0',
99 silly addNameRange     '5.0.0',
99 silly addNameRange     '5.0.1',
99 silly addNameRange     '5.1.0',
99 silly addNameRange     '5.1.1',
99 silly addNameRange     '5.1.2' ] ]
100 verbose addNamed [ 'jasmine-core', '4.6.0' ]
101 verbose addNamed [ '4.6.0', '4.6.0' ]
102 silly lockFile d15e2acf-jasmine-core-4-6-0 jasmine-core@4.6.0
103 verbose lock jasmine-core@4.6.0 /home/raul.ribeiro/.npm/d15e2acf-jasmine-core-4-6-0.lock
104 silly lockFile d15e2acf-jasmine-core-4-6-0 jasmine-core@4.6.0
105 silly lockFile d15e2acf-jasmine-core-4-6-0 jasmine-core@4.6.0
106 silly lockFile 216836da-jasmine-core-4-1-0 jasmine-core@^4.1.0
107 silly lockFile 216836da-jasmine-core-4-1-0 jasmine-core@^4.1.0
108 silly resolved [ { name: 'jasmine-core',
108 silly resolved     license: 'MIT',
108 silly resolved     version: '4.6.0',
108 silly resolved     repository:
108 silly resolved      { type: 'git',
108 silly resolved        url: 'git+https://github.com/jasmine/jasmine.git' },
108 silly resolved     keywords: [ 'test', 'testing', 'jasmine', 'tdd', 'bdd' ],
108 silly resolved     scripts:
108 silly resolved      { posttest: 'eslint "src/**/*.js" "spec/**/*.js" && prettier --check "src/**/*.js" "spec/**/*.js"',
108 silly resolved        test: 'grunt --stack execSpecsInNode',
108 silly resolved        cleanup: 'prettier --write "src/**/*.js" "spec/**/*.js"',
108 silly resolved        build: 'grunt buildDistribution',
108 silly resolved        serve: 'node spec/support/localJasmineBrowser.js',
108 silly resolved        'serve:performance': 'node spec/support/localJasmineBrowser.js jasmine-browser-performance.json',
108 silly resolved        ci: 'node spec/support/ci.js',
108 silly resolved        'ci:performance': 'node spec/support/ci.js jasmine-browser-performance.json' },
108 silly resolved     description: 'Simple JavaScript testing framework for browsers and node.js',
108 silly resolved     homepage: 'https://jasmine.github.io',
108 silly resolved     main: './lib/jasmine-core.js',
108 silly resolved     devDependencies:
108 silly resolved      { eslint: '^7.32.0',
108 silly resolved        'eslint-plugin-compat': '>=4.0.0 <4.1.0',
108 silly resolved        glob: '^7.2.0',
108 silly resolved        grunt: '>=1.0.4 <1.6.0',
108 silly resolved        'grunt-cli': '^1.3.2',
108 silly resolved        'grunt-contrib-compress': '^2.0.0',
108 silly resolved        'grunt-contrib-concat': '^2.0.0',
108 silly resolved        'grunt-css-url-embed': '^1.11.1',
108 silly resolved        'grunt-sass': '^3.0.2',
108 silly resolved        jasmine: '^4.1.0',
108 silly resolved        'jasmine-browser-runner': '^1.0.0',
108 silly resolved        jsdom: '^19.0.0',
108 silly resolved        'load-grunt-tasks': '^5.1.0',
108 silly resolved        prettier: '1.17.1',
108 silly resolved        sass: '1.58.3',
108 silly resolved        shelljs: '^0.8.3',
108 silly resolved        temp: '^0.9.0' },
108 silly resolved     prettier: { singleQuote: true },
108 silly resolved     eslintConfig:
108 silly resolved      { extends: [Object],
108 silly resolved        env: [Object],
108 silly resolved        parserOptions: [Object],
108 silly resolved        rules: [Object] },
108 silly resolved     browserslist:
108 silly resolved      [ 'Safari >= 14',
108 silly resolved        'last 2 Chrome versions',
108 silly resolved        'last 2 Firefox versions',
108 silly resolved        'Firefox >= 91',
108 silly resolved        'last 2 Edge versions' ],
108 silly resolved     gitHead: 'f509078020af2445f36b4f699cf5f5d80ce7ba84',
108 silly resolved     bugs: { url: 'https://github.com/jasmine/jasmine/issues' },
108 silly resolved     _id: 'jasmine-core@4.6.0',
108 silly resolved     _nodeVersion: '16.17.1',
108 silly resolved     _npmVersion: '8.15.0',
108 silly resolved     dist:
108 silly resolved      { integrity: 'sha512-O236+gd0ZXS8YAjFx8xKaJ94/erqUliEkJTDedyE7iHvv4ZVqi+q+8acJxu05/WJDKm512EUNn809In37nWlAQ==',
108 silly resolved        shasum: '6884fc3d5b66bf293e422751eed6d6da217c38f5',
108 silly resolved        tarball: 'https://registry.npmjs.org/jasmine-core/-/jasmine-core-4.6.0.tgz',
108 silly resolved        fileCount: 21,
108 silly resolved        unpackedSize: 381252,
108 silly resolved        signatures: [Object],
108 silly resolved        'npm-signature': '-----BEGIN PGP SIGNATURE-----\r\nVersion: OpenPGP.js v4.10.10\r\nComment: https://openpgpjs.org\r\n\r\nwsFzBAEBCAAGBQJkEmLcACEJED1NWxICdlZqFiEECWMYAoorWMhJKdjhPU1b\r\nEgJ2Vmr6xw/+M5GdDdX+odjZ6Q5GcX4j2e/OMG1lM3CB51u5UXPn0iUs0Vzr\r\nsWMI3cdSECk0rOEd11eaLOVQjiXijblnnrv7ZfLkJxLwqJPrjhP71WLWGgJH\r\nS+ezSfh7pH1o7TFVBT9iuM1dvlwx3Lft0zKCSolJE2ImzHrKMYfKEl0hzyMi\r\nUbyn3pMErcVt7ozt6kG6SYsfOJituV7GtJo/w9WbTCkx5JrYpF6lgpbYWCU8\r\nXGPzy2wnyeMnznvgcEJwO/r1ztfOE93c3Ipsb+3IG1aRT3Y/eddD5QOmORd4\r\ntm4gwKpyTVyk1OVrPVwpJFb28SBm7razRjsOeXgsTN+SdhBtu1F7/95/f7mZ\r\n28dTRMRjdKydOI4VEyfGnGxdfsDNobKyhN2AT0Ca5tcdyNupTWFmZHxyXgQq\r\n/9e40w0dwlRIVN0WCiA9NmyZyG7vgbhYxFJDPANnNsH9OB8Z3f6YUdkaGfG8\r\nboBLEpJqpgRrG++2oOgzISXULAL4iit3sFQsrCeFgsQIzWp3FsyUEyGWe3B2\r\n1RA6uMNxnBK45EfC52JCTxgoBzNlcitMcvzxQN0vmoYTmWeZfT5C9KwpNmkL\r\nKCUbgT//0L6+dMArsTPwFpyBIYSbsYLaOQQ8uO3+TS3A/ioGA6HM3cAF/sXp\r\n01PO+NWS2wI0hzn5vCqUvvx/GcX7Q5Uy/qY=\r\n=6ZZt\r\n-----END PGP SIGNATURE-----\r\n' },
108 silly resolved     _npmUser: { name: 'sgravrock', email: 'sdg@panix.com' },
108 silly resolved     directories: {},
108 silly resolved     maintainers: [ [Object], [Object], [Object] ],
108 silly resolved     _npmOperationalInternal:
108 silly resolved      { host: 's3://npm-registry-packages',
108 silly resolved        tmp: 'tmp/jasmine-core_4.6.0_1678926555856_0.8063739609276561' },
108 silly resolved     _hasShrinkwrap: false,
108 silly resolved     _shasum: '6884fc3d5b66bf293e422751eed6d6da217c38f5',
108 silly resolved     _from: 'jasmine-core@^4.1.0',
108 silly resolved     _resolved: 'https://registry.npmjs.org/jasmine-core/-/jasmine-core-4.6.0.tgz',
108 silly resolved     readme: 'ERROR: No README data found!' } ]
109 info install jasmine-core@4.6.0 into /home/raul.ribeiro/Documentos/Aprendendo AngularJs/contatooh/node_modules/karma-jasmine
110 info installOne jasmine-core@4.6.0
111 verbose node_modules/karma-jasmine/node_modules/jasmine-core unbuild
112 verbose tar unpack /home/raul.ribeiro/.npm/jasmine-core/4.6.0/package.tgz
113 silly lockFile 00f7d207-asmine-node-modules-jasmine-core tar:///home/raul.ribeiro/Documentos/Aprendendo AngularJs/contatooh/node_modules/karma-jasmine/node_modules/jasmine-core
114 verbose lock tar:///home/raul.ribeiro/Documentos/Aprendendo AngularJs/contatooh/node_modules/karma-jasmine/node_modules/jasmine-core /home/raul.ribeiro/.npm/00f7d207-asmine-node-modules-jasmine-core.lock
115 silly lockFile ccdcb9db-m-jasmine-core-4-6-0-package-tgz tar:///home/raul.ribeiro/.npm/jasmine-core/4.6.0/package.tgz
116 verbose lock tar:///home/raul.ribeiro/.npm/jasmine-core/4.6.0/package.tgz /home/raul.ribeiro/.npm/ccdcb9db-m-jasmine-core-4-6-0-package-tgz.lock
117 silly gunzTarPerm modes [ '775', '664' ]
118 silly gunzTarPerm extractEntry lib/jasmine-core/jasmine.css
119 silly gunzTarPerm modified mode [ 'lib/jasmine-core/jasmine.css', 420, 436 ]
120 silly gunzTarPerm extractEntry lib/jasmine-core/boot0.js
121 silly gunzTarPerm modified mode [ 'lib/jasmine-core/boot0.js', 420, 436 ]
122 silly gunzTarPerm extractEntry lib/jasmine-core/boot1.js
123 silly gunzTarPerm modified mode [ 'lib/jasmine-core/boot1.js', 420, 436 ]
124 silly gunzTarPerm extractEntry lib/jasmine-core.js
125 silly gunzTarPerm modified mode [ 'lib/jasmine-core.js', 420, 436 ]
126 silly gunzTarPerm extractEntry lib/jasmine-core/jasmine-html.js
127 silly gunzTarPerm modified mode [ 'lib/jasmine-core/jasmine-html.js', 420, 436 ]
128 silly gunzTarPerm extractEntry lib/jasmine-core/jasmine.js
129 silly gunzTarPerm modified mode [ 'lib/jasmine-core/jasmine.js', 420, 436 ]
130 silly gunzTarPerm extractEntry lib/jasmine-core/node_boot.js
131 silly gunzTarPerm modified mode [ 'lib/jasmine-core/node_boot.js', 420, 436 ]
132 silly gunzTarPerm extractEntry lib/jasmine-core/example/node_example/lib/jasmine_examples/Player.js
133 silly gunzTarPerm modified mode [ 'lib/jasmine-core/example/node_example/lib/jasmine_examples/Player.js',
133 silly gunzTarPerm   420,
133 silly gunzTarPerm   436 ]
134 silly gunzTarPerm extractEntry lib/jasmine-core/example/src/Player.js
135 silly gunzTarPerm modified mode [ 'lib/jasmine-core/example/src/Player.js', 420, 436 ]
136 silly gunzTarPerm extractEntry lib/jasmine-core/example/node_example/spec/jasmine_examples/PlayerSpec.js
137 silly gunzTarPerm modified mode [ 'lib/jasmine-core/example/node_example/spec/jasmine_examples/PlayerSpec.js',
137 silly gunzTarPerm   420,
137 silly gunzTarPerm   436 ]
138 silly gunzTarPerm extractEntry lib/jasmine-core/example/spec/PlayerSpec.js
139 silly gunzTarPerm modified mode [ 'lib/jasmine-core/example/spec/PlayerSpec.js', 420, 436 ]
140 silly gunzTarPerm extractEntry lib/jasmine-core/example/node_example/lib/jasmine_examples/Song.js
141 silly gunzTarPerm modified mode [ 'lib/jasmine-core/example/node_example/lib/jasmine_examples/Song.js',
141 silly gunzTarPerm   420,
141 silly gunzTarPerm   436 ]
142 silly gunzTarPerm extractEntry lib/jasmine-core/example/src/Song.js
143 silly gunzTarPerm modified mode [ 'lib/jasmine-core/example/src/Song.js', 420, 436 ]
144 silly gunzTarPerm extractEntry lib/jasmine-core/example/node_example/spec/helpers/jasmine_examples/SpecHelper.js
145 silly gunzTarPerm modified mode [ 'lib/jasmine-core/example/node_example/spec/helpers/jasmine_examples/SpecHelper.js',
145 silly gunzTarPerm   420,
145 silly gunzTarPerm   436 ]
146 silly gunzTarPerm extractEntry lib/jasmine-core/example/spec/SpecHelper.js
147 silly gunzTarPerm modified mode [ 'lib/jasmine-core/example/spec/SpecHelper.js', 420, 436 ]
148 silly gunzTarPerm extractEntry package.json
149 silly gunzTarPerm modified mode [ 'package.json', 420, 436 ]
150 silly gunzTarPerm extractEntry MIT.LICENSE
151 silly gunzTarPerm modified mode [ 'MIT.LICENSE', 420, 436 ]
152 silly gunzTarPerm extractEntry README.md
153 silly gunzTarPerm modified mode [ 'README.md', 420, 436 ]
154 silly gunzTarPerm extractEntry images/jasmine_favicon.png
155 silly gunzTarPerm modified mode [ 'images/jasmine_favicon.png', 420, 436 ]
156 silly gunzTarPerm extractEntry images/jasmine-horizontal.png
157 silly gunzTarPerm modified mode [ 'images/jasmine-horizontal.png', 420, 436 ]
158 silly gunzTarPerm extractEntry images/jasmine-horizontal.svg
159 silly gunzTarPerm modified mode [ 'images/jasmine-horizontal.svg', 420, 436 ]
160 silly lockFile 00f7d207-asmine-node-modules-jasmine-core tar:///home/raul.ribeiro/Documentos/Aprendendo AngularJs/contatooh/node_modules/karma-jasmine/node_modules/jasmine-core
161 silly lockFile 00f7d207-asmine-node-modules-jasmine-core tar:///home/raul.ribeiro/Documentos/Aprendendo AngularJs/contatooh/node_modules/karma-jasmine/node_modules/jasmine-core
162 silly lockFile ccdcb9db-m-jasmine-core-4-6-0-package-tgz tar:///home/raul.ribeiro/.npm/jasmine-core/4.6.0/package.tgz
163 silly lockFile ccdcb9db-m-jasmine-core-4-6-0-package-tgz tar:///home/raul.ribeiro/.npm/jasmine-core/4.6.0/package.tgz
164 info preinstall jasmine-core@4.6.0
165 verbose readDependencies using package.json deps
166 verbose readDependencies using package.json deps
167 silly resolved []
168 verbose about to build /home/raul.ribeiro/Documentos/Aprendendo AngularJs/contatooh/node_modules/karma-jasmine/node_modules/jasmine-core
169 info build /home/raul.ribeiro/Documentos/Aprendendo AngularJs/contatooh/node_modules/karma-jasmine/node_modules/jasmine-core
170 verbose linkStuff [ false,
170 verbose linkStuff   false,
170 verbose linkStuff   false,
170 verbose linkStuff   '/home/raul.ribeiro/Documentos/Aprendendo AngularJs/contatooh/node_modules/karma-jasmine/node_modules' ]
171 info linkStuff jasmine-core@4.6.0
172 verbose linkBins jasmine-core@4.6.0
173 verbose linkMans jasmine-core@4.6.0
174 verbose rebuildBundles jasmine-core@4.6.0
175 info install jasmine-core@4.6.0
176 info postinstall jasmine-core@4.6.0
177 verbose about to build /home/raul.ribeiro/Documentos/Aprendendo AngularJs/contatooh/node_modules/karma-jasmine
178 info build /home/raul.ribeiro/Documentos/Aprendendo AngularJs/contatooh/node_modules/karma-jasmine
179 verbose linkStuff [ false,
179 verbose linkStuff   false,
179 verbose linkStuff   false,
179 verbose linkStuff   '/home/raul.ribeiro/Documentos/Aprendendo AngularJs/contatooh/node_modules' ]
180 info linkStuff karma-jasmine@5.1.0
181 verbose linkBins karma-jasmine@5.1.0
182 verbose linkMans karma-jasmine@5.1.0
183 verbose rebuildBundles karma-jasmine@5.1.0
184 verbose rebuildBundles [ 'jasmine-core' ]
185 info install karma-jasmine@5.1.0
186 info postinstall karma-jasmine@5.1.0
187 verbose readDependencies using package.json deps
188 verbose already installed skipping karma@^6.0.0 /home/raul.ribeiro/Documentos/Aprendendo AngularJs/contatooh
189 silly resolved []
190 error peerinvalid The package karma does not satisfy its siblings' peerDependencies requirements!
190 error peerinvalid Peer karma-jasmine@5.1.0 wants karma@^6.0.0
191 error System Linux 5.15.0-102-generic
192 error command "/home/raul.ribeiro/.nvm/v0.10.33/bin/node" "/home/raul.ribeiro/.nvm/v0.10.33/bin/npm" "i" "karma-jasmine"
193 error cwd /home/raul.ribeiro/Documentos/Aprendendo AngularJs/contatooh
194 error node -v v0.10.33
195 error npm -v 1.4.28
196 error code EPEERINVALID
197 verbose exit [ 1, true ]
